2025-06-17 22:06:41,432 - INFO - 日志系统初始化完成
2025-06-17 22:06:41,432 - INFO - Excel批量处理工具启动
2025-06-17 22:06:41,432 - INFO - 工作目录: D:\个人开发\excel\excel
2025-06-17 22:06:41,432 - INFO - 项目根目录: D:\个人开发\excel\excel
2025-06-17 22:08:52,292 - INFO - 在目录 D:/个人开发/excel/源文件 中找到 2 个Excel文件
2025-06-17 22:08:52,292 - ERROR - 无效的Excel文件: D:/个人开发/excel/源文件\2024AFL09国韩本子--阿芙洛开票通知(1).xls
2025-06-17 22:09:11,829 - INFO - 在目录 D:/个人开发/excel/源文件 中找到 2 个Excel文件
2025-06-17 22:09:11,829 - ERROR - 无效的Excel文件: D:/个人开发/excel/源文件\2024AFL09国韩本子--阿芙洛开票通知(1).xls
2025-06-17 22:09:11,907 - INFO - 在目录 D:/个人开发/excel/源文件 中找到 2 个Excel文件
2025-06-17 22:09:11,914 - INFO - 开始批量处理 2 个文件，使用 4 个线程
2025-06-17 22:09:11,916 - INFO - 开始处理文件: D:/个人开发/excel/源文件\2024AFL09国韩本子--阿芙洛开票通知(1).xls
2025-06-17 22:09:11,916 - INFO - 开始处理文件: D:/个人开发/excel/源文件\2024AFL11国韩本子--阿芙洛开票通知(2).xls
2025-06-17 22:09:11,930 - ERROR - 无效的Excel文件: D:/个人开发/excel/源文件\2024AFL09国韩本子--阿芙洛开票通知(1).xls
2025-06-17 22:09:11,933 - ERROR - 无效的Excel文件: D:/个人开发/excel/源文件\2024AFL11国韩本子--阿芙洛开票通知(2).xls
2025-06-17 22:09:11,939 - WARNING - 文件中没有有效数据: D:/个人开发/excel/源文件\2024AFL09国韩本子--阿芙洛开票通知(1).xls
2025-06-17 22:09:11,945 - WARNING - 文件中没有有效数据: D:/个人开发/excel/源文件\2024AFL11国韩本子--阿芙洛开票通知(2).xls
2025-06-17 22:09:11,973 - INFO - 批量处理完成: 成功 0, 失败 2
2025-06-17 22:16:27,862 - INFO - Excel批量处理工具退出
2025-06-17 22:17:38,023 - INFO - 日志系统初始化完成
2025-06-17 22:17:38,023 - INFO - Excel批量处理工具启动
2025-06-17 22:17:38,023 - INFO - 工作目录: D:\个人开发\excel\excel
2025-06-17 22:17:38,023 - INFO - 项目根目录: D:\个人开发\excel\excel
2025-06-17 22:17:45,807 - INFO - 在目录 D:/个人开发/excel/源文件 中找到 2 个Excel文件
2025-06-17 22:17:45,807 - ERROR - 无效的Excel文件: D:/个人开发/excel/源文件\2024AFL09国韩本子--阿芙洛开票通知(1).xls
2025-06-17 22:17:50,946 - INFO - 在目录 D:/个人开发/excel/源文件 中找到 2 个Excel文件
2025-06-17 22:17:50,947 - ERROR - 无效的Excel文件: D:/个人开发/excel/源文件\2024AFL09国韩本子--阿芙洛开票通知(1).xls
2025-06-17 22:17:51,016 - INFO - 在目录 D:/个人开发/excel/源文件 中找到 2 个Excel文件
2025-06-17 22:17:51,017 - INFO - 开始批量处理 2 个文件，使用 4 个线程
2025-06-17 22:17:51,019 - INFO - 开始处理文件: D:/个人开发/excel/源文件\2024AFL09国韩本子--阿芙洛开票通知(1).xls
2025-06-17 22:17:51,020 - INFO - 开始处理文件: D:/个人开发/excel/源文件\2024AFL11国韩本子--阿芙洛开票通知(2).xls
2025-06-17 22:17:51,031 - ERROR - 无效的Excel文件: D:/个人开发/excel/源文件\2024AFL09国韩本子--阿芙洛开票通知(1).xls
2025-06-17 22:17:51,032 - ERROR - 无效的Excel文件: D:/个人开发/excel/源文件\2024AFL11国韩本子--阿芙洛开票通知(2).xls
2025-06-17 22:17:51,033 - WARNING - 文件中没有有效数据: D:/个人开发/excel/源文件\2024AFL09国韩本子--阿芙洛开票通知(1).xls
2025-06-17 22:17:51,042 - WARNING - 文件中没有有效数据: D:/个人开发/excel/源文件\2024AFL11国韩本子--阿芙洛开票通知(2).xls
2025-06-17 22:17:51,047 - INFO - 批量处理完成: 成功 0, 失败 2
2025-06-17 22:21:44,396 - INFO - 日志系统初始化完成
2025-06-17 22:21:44,396 - INFO - Excel批量处理工具启动
2025-06-17 22:21:44,396 - INFO - 工作目录: D:\个人开发\excel\excel
2025-06-17 22:21:44,396 - INFO - 项目根目录: D:\个人开发\excel\excel
2025-06-17 22:23:46,760 - INFO - 在目录 D:/个人开发/excel/源文件 中找到 2 个Excel文件
2025-06-17 22:23:46,760 - ERROR - 无效的Excel文件: D:/个人开发/excel/源文件\2024AFL09国韩本子--阿芙洛开票通知(1).xls
2025-06-17 22:23:59,553 - INFO - 在目录 D:/个人开发/excel/源文件 中找到 2 个Excel文件
2025-06-17 22:23:59,554 - ERROR - 无效的Excel文件: D:/个人开发/excel/源文件\2024AFL09国韩本子--阿芙洛开票通知(1).xls
2025-06-17 22:23:59,625 - INFO - 在目录 D:/个人开发/excel/源文件 中找到 2 个Excel文件
2025-06-17 22:23:59,627 - INFO - 开始批量处理 2 个文件，使用 4 个线程
2025-06-17 22:23:59,628 - INFO - 开始处理文件: D:/个人开发/excel/源文件\2024AFL09国韩本子--阿芙洛开票通知(1).xls
2025-06-17 22:23:59,628 - INFO - 开始处理文件: D:/个人开发/excel/源文件\2024AFL11国韩本子--阿芙洛开票通知(2).xls
2025-06-17 22:23:59,641 - ERROR - 无效的Excel文件: D:/个人开发/excel/源文件\2024AFL09国韩本子--阿芙洛开票通知(1).xls
2025-06-17 22:23:59,642 - ERROR - 无效的Excel文件: D:/个人开发/excel/源文件\2024AFL11国韩本子--阿芙洛开票通知(2).xls
2025-06-17 22:23:59,648 - WARNING - 文件中没有有效数据: D:/个人开发/excel/源文件\2024AFL09国韩本子--阿芙洛开票通知(1).xls
2025-06-17 22:23:59,652 - WARNING - 文件中没有有效数据: D:/个人开发/excel/源文件\2024AFL11国韩本子--阿芙洛开票通知(2).xls
2025-06-17 22:23:59,658 - INFO - 批量处理完成: 成功 0, 失败 2
2025-06-17 22:28:14,584 - INFO - 日志系统初始化完成
2025-06-17 22:28:14,584 - INFO - Excel批量处理工具启动
2025-06-17 22:28:14,584 - INFO - 工作目录: D:\个人开发\excel\excel
2025-06-17 22:28:14,584 - INFO - 项目根目录: D:\个人开发\excel\excel
2025-06-17 22:28:19,370 - INFO - 在目录 D:/个人开发/excel/源文件 中找到 2 个Excel文件
2025-06-17 22:28:19,384 - INFO - 开始读取XLS文件: D:/个人开发/excel/源文件\2024AFL09国韩本子--阿芙洛开票通知(1).xls, 工作表: 购货合同导出
2025-06-17 22:28:19,384 - INFO - 成功读取 22 行数据
2025-06-17 22:28:29,099 - INFO - 在目录 D:/个人开发/excel/源文件 中找到 2 个Excel文件
2025-06-17 22:28:29,104 - INFO - 开始读取XLS文件: D:/个人开发/excel/源文件\2024AFL09国韩本子--阿芙洛开票通知(1).xls, 工作表: 购货合同导出
2025-06-17 22:28:29,104 - INFO - 成功读取 22 行数据
2025-06-17 22:28:29,177 - INFO - 在目录 D:/个人开发/excel/源文件 中找到 2 个Excel文件
2025-06-17 22:28:29,179 - INFO - 开始批量处理 2 个文件，使用 4 个线程
2025-06-17 22:28:29,180 - INFO - 开始处理文件: D:/个人开发/excel/源文件\2024AFL09国韩本子--阿芙洛开票通知(1).xls
2025-06-17 22:28:29,181 - INFO - 开始处理文件: D:/个人开发/excel/源文件\2024AFL11国韩本子--阿芙洛开票通知(2).xls
2025-06-17 22:28:29,204 - INFO - 开始读取XLS文件: D:/个人开发/excel/源文件\2024AFL09国韩本子--阿芙洛开票通知(1).xls, 工作表: 购货合同导出
2025-06-17 22:28:29,209 - INFO - 成功读取 22 行数据
2025-06-17 22:28:29,211 - INFO - 开始读取XLS文件: D:/个人开发/excel/源文件\2024AFL11国韩本子--阿芙洛开票通知(2).xls, 工作表: 购货合同导出
2025-06-17 22:28:29,212 - INFO - 文件 2024AFL09国韩本子--阿芙洛开票通知(1).xls: 22 行数据，合计金额: 6.20
2025-06-17 22:28:29,214 - INFO - 成功读取 23 行数据
2025-06-17 22:28:29,233 - INFO - 文件 2024AFL11国韩本子--阿芙洛开票通知(2).xls: 23 行数据，合计金额: 14.40
2025-06-17 22:28:29,424 - ERROR - 写入表头失败: 'MergedCell' object attribute 'value' is read-only
2025-06-17 22:28:29,425 - INFO - 写入合计行: 合计金额 6.199999999999999
2025-06-17 22:28:29,462 - ERROR - 创建输出文件失败: [Errno 13] Permission denied: 'D:/个人开发/excel/输出\\processed_20250617_222829\\2024AFL09国韩本子--阿芙洛开票通知(1)_processed_20250617_222829.xlsx'
2025-06-17 22:28:29,474 - ERROR - 处理文件失败: D:/个人开发/excel/源文件\2024AFL09国韩本子--阿芙洛开票通知(1).xls
2025-06-17 22:28:29,503 - ERROR - 写入表头失败: 'MergedCell' object attribute 'value' is read-only
2025-06-17 22:28:29,510 - INFO - 写入合计行: 合计金额 14.400000000000002
2025-06-17 22:28:29,515 - ERROR - 创建输出文件失败: [Errno 13] Permission denied: 'D:/个人开发/excel/输出\\processed_20250617_222829\\2024AFL11国韩本子--阿芙洛开票通知(2)_processed_20250617_222829.xlsx'
2025-06-17 22:28:29,520 - ERROR - 处理文件失败: D:/个人开发/excel/源文件\2024AFL11国韩本子--阿芙洛开票通知(2).xls
2025-06-17 22:28:29,532 - INFO - 批量处理完成: 成功 0, 失败 2
2025-06-17 22:55:38,464 - INFO - Excel批量处理工具退出
2025-06-17 22:55:42,236 - INFO - 日志系统初始化完成
2025-06-17 22:55:42,236 - INFO - Excel批量处理工具启动
2025-06-17 22:55:42,236 - INFO - 工作目录: D:\个人开发\excel\excel
2025-06-17 22:55:42,236 - INFO - 项目根目录: D:\个人开发\excel\excel
2025-06-17 22:55:51,682 - INFO - 在目录 D:/个人开发/excel/源文件 中找到 2 个Excel文件
2025-06-17 22:55:51,695 - INFO - 开始读取XLS文件: D:/个人开发/excel/源文件\2024AFL09国韩本子--阿芙洛开票通知(1).xls, 工作表: 购货合同导出
2025-06-17 22:55:51,696 - INFO - 成功读取 22 行数据
2025-06-17 22:55:57,985 - INFO - 在目录 D:/个人开发/excel/源文件 中找到 2 个Excel文件
2025-06-17 22:55:57,989 - INFO - 开始读取XLS文件: D:/个人开发/excel/源文件\2024AFL09国韩本子--阿芙洛开票通知(1).xls, 工作表: 购货合同导出
2025-06-17 22:55:57,989 - INFO - 成功读取 22 行数据
2025-06-17 22:55:58,066 - INFO - 在目录 D:/个人开发/excel/源文件 中找到 2 个Excel文件
2025-06-17 22:55:58,068 - INFO - 开始批量处理 2 个文件，使用 4 个线程
2025-06-17 22:55:58,074 - INFO - 开始处理文件: D:/个人开发/excel/源文件\2024AFL09国韩本子--阿芙洛开票通知(1).xls
2025-06-17 22:55:58,074 - INFO - 开始处理文件: D:/个人开发/excel/源文件\2024AFL11国韩本子--阿芙洛开票通知(2).xls
2025-06-17 22:55:58,078 - INFO - 开始读取XLS文件: D:/个人开发/excel/源文件\2024AFL09国韩本子--阿芙洛开票通知(1).xls, 工作表: 购货合同导出
2025-06-17 22:55:58,081 - INFO - 成功读取 22 行数据
2025-06-17 22:55:58,083 - INFO - 开始读取XLS文件: D:/个人开发/excel/源文件\2024AFL11国韩本子--阿芙洛开票通知(2).xls, 工作表: 购货合同导出
2025-06-17 22:55:58,084 - INFO - 文件 2024AFL09国韩本子--阿芙洛开票通知(1).xls: 22 行数据，合计金额: 6.20
2025-06-17 22:55:58,087 - INFO - 成功读取 23 行数据
2025-06-17 22:55:58,094 - INFO - 文件 2024AFL11国韩本子--阿芙洛开票通知(2).xls: 23 行数据，合计金额: 14.40
2025-06-17 22:55:58,305 - INFO - 写入合计行: 合计金额 6.199999999999999
2025-06-17 22:55:58,380 - INFO - 写入合计行: 合计金额 14.400000000000002
2025-06-17 22:55:58,459 - INFO - 成功创建输出文件: D:/个人开发/excel/输出\processed_20250617_225558\2024AFL09国韩本子--阿芙洛开票通知(1)_processed_20250617_225558.xlsx
2025-06-17 22:55:58,460 - INFO - 成功处理文件: D:/个人开发/excel/源文件\2024AFL09国韩本子--阿芙洛开票通知(1).xls -> D:/个人开发/excel/输出\processed_20250617_225558\2024AFL09国韩本子--阿芙洛开票通知(1)_processed_20250617_225558.xlsx
2025-06-17 22:55:58,467 - INFO - 成功创建输出文件: D:/个人开发/excel/输出\processed_20250617_225558\2024AFL11国韩本子--阿芙洛开票通知(2)_processed_20250617_225558.xlsx
2025-06-17 22:55:58,474 - INFO - 成功处理文件: D:/个人开发/excel/源文件\2024AFL11国韩本子--阿芙洛开票通知(2).xls -> D:/个人开发/excel/输出\processed_20250617_225558\2024AFL11国韩本子--阿芙洛开票通知(2)_processed_20250617_225558.xlsx
2025-06-17 22:55:58,486 - INFO - 批量处理完成: 成功 2, 失败 0
2025-06-17 23:17:10,909 - INFO - Excel批量处理工具退出
2025-06-17 23:18:11,145 - INFO - 日志系统初始化完成
2025-06-17 23:18:11,145 - INFO - Excel批量处理工具启动
2025-06-17 23:18:11,145 - INFO - 工作目录: D:\个人开发\excel\excel
2025-06-17 23:18:11,145 - INFO - 项目根目录: D:\个人开发\excel\excel
2025-06-17 23:18:18,011 - INFO - 在目录 D:/个人开发/excel/源文件 中找到 2 个Excel文件
2025-06-17 23:18:18,032 - INFO - 开始读取XLS文件: D:/个人开发/excel/源文件\2024AFL09国韩本子--阿芙洛开票通知(1).xls, 工作表: 购货合同导出
2025-06-17 23:18:18,032 - INFO - 成功读取 22 行数据
2025-06-17 23:18:24,176 - INFO - 在目录 D:/个人开发/excel/源文件 中找到 2 个Excel文件
2025-06-17 23:18:24,180 - INFO - 开始读取XLS文件: D:/个人开发/excel/源文件\2024AFL09国韩本子--阿芙洛开票通知(1).xls, 工作表: 购货合同导出
2025-06-17 23:18:24,180 - INFO - 成功读取 22 行数据
2025-06-17 23:18:24,240 - INFO - 在目录 D:/个人开发/excel/源文件 中找到 2 个Excel文件
2025-06-17 23:18:24,246 - INFO - 开始批量处理 2 个文件，使用 4 个线程
2025-06-17 23:18:24,249 - INFO - 开始处理文件: D:/个人开发/excel/源文件\2024AFL09国韩本子--阿芙洛开票通知(1).xls
2025-06-17 23:18:24,249 - INFO - 开始处理文件: D:/个人开发/excel/源文件\2024AFL11国韩本子--阿芙洛开票通知(2).xls
2025-06-17 23:18:24,269 - INFO - 开始读取XLS文件: D:/个人开发/excel/源文件\2024AFL09国韩本子--阿芙洛开票通知(1).xls, 工作表: 购货合同导出
2025-06-17 23:18:24,272 - INFO - 开始读取XLS文件: D:/个人开发/excel/源文件\2024AFL11国韩本子--阿芙洛开票通知(2).xls, 工作表: 购货合同导出
2025-06-17 23:18:24,276 - INFO - 成功读取 22 行数据
2025-06-17 23:18:24,278 - INFO - 成功读取 23 行数据
2025-06-17 23:18:24,280 - INFO - 文件 2024AFL09国韩本子--阿芙洛开票通知(1).xls: 22 行数据，合计金额: 6.20
2025-06-17 23:18:24,282 - INFO - 文件 2024AFL11国韩本子--阿芙洛开票通知(2).xls: 23 行数据，合计金额: 14.40
2025-06-17 23:18:24,505 - INFO - 写入合计行到第 26 行: 合计金额 6.199999999999999
2025-06-17 23:18:24,558 - INFO - 写入合计行到第 27 行: 合计金额 14.400000000000002
2025-06-17 23:18:24,642 - INFO - 成功创建输出文件: D:/个人开发/excel/输出\processed_20250617_231824\2024AFL09国韩本子--阿芙洛开票通知(1)_processed_20250617_231824.xlsx
2025-06-17 23:18:24,644 - INFO - 成功处理文件: D:/个人开发/excel/源文件\2024AFL09国韩本子--阿芙洛开票通知(1).xls -> D:/个人开发/excel/输出\processed_20250617_231824\2024AFL09国韩本子--阿芙洛开票通知(1)_processed_20250617_231824.xlsx
2025-06-17 23:18:24,644 - INFO - 成功创建输出文件: D:/个人开发/excel/输出\processed_20250617_231824\2024AFL11国韩本子--阿芙洛开票通知(2)_processed_20250617_231824.xlsx
2025-06-17 23:18:24,655 - INFO - 成功处理文件: D:/个人开发/excel/源文件\2024AFL11国韩本子--阿芙洛开票通知(2).xls -> D:/个人开发/excel/输出\processed_20250617_231824\2024AFL11国韩本子--阿芙洛开票通知(2)_processed_20250617_231824.xlsx
2025-06-17 23:18:24,675 - INFO - 批量处理完成: 成功 2, 失败 0
2025-06-17 23:20:00,045 - INFO - Excel批量处理工具退出
2025-06-17 23:20:06,163 - INFO - 日志系统初始化完成
2025-06-17 23:20:06,163 - INFO - Excel批量处理工具启动
2025-06-17 23:20:06,163 - INFO - 工作目录: D:\个人开发\excel\excel
2025-06-17 23:20:06,164 - INFO - 项目根目录: D:\个人开发\excel\excel
2025-06-17 23:20:13,745 - INFO - 在目录 D:/个人开发/excel/源文件 中找到 2 个Excel文件
2025-06-17 23:20:13,757 - INFO - 开始读取XLS文件: D:/个人开发/excel/源文件\2024AFL09国韩本子--阿芙洛开票通知(1).xls, 工作表: 购货合同导出
2025-06-17 23:20:13,757 - INFO - 遇到结束标识 '合  计' 在第 13 行，停止读取
2025-06-17 23:20:13,757 - INFO - 成功读取 1 行数据
2025-06-17 23:20:18,691 - INFO - 在目录 D:/个人开发/excel/源文件 中找到 2 个Excel文件
2025-06-17 23:20:18,695 - INFO - 开始读取XLS文件: D:/个人开发/excel/源文件\2024AFL09国韩本子--阿芙洛开票通知(1).xls, 工作表: 购货合同导出
2025-06-17 23:20:18,695 - INFO - 遇到结束标识 '合  计' 在第 13 行，停止读取
2025-06-17 23:20:18,695 - INFO - 成功读取 1 行数据
2025-06-17 23:20:18,754 - INFO - 在目录 D:/个人开发/excel/源文件 中找到 2 个Excel文件
2025-06-17 23:20:18,762 - INFO - 开始批量处理 2 个文件，使用 4 个线程
2025-06-17 23:20:18,764 - INFO - 开始处理文件: D:/个人开发/excel/源文件\2024AFL09国韩本子--阿芙洛开票通知(1).xls
2025-06-17 23:20:18,764 - INFO - 开始处理文件: D:/个人开发/excel/源文件\2024AFL11国韩本子--阿芙洛开票通知(2).xls
2025-06-17 23:20:18,777 - INFO - 开始读取XLS文件: D:/个人开发/excel/源文件\2024AFL09国韩本子--阿芙洛开票通知(1).xls, 工作表: 购货合同导出
2025-06-17 23:20:18,779 - INFO - 遇到结束标识 '合  计' 在第 13 行，停止读取
2025-06-17 23:20:18,781 - INFO - 开始读取XLS文件: D:/个人开发/excel/源文件\2024AFL11国韩本子--阿芙洛开票通知(2).xls, 工作表: 购货合同导出
2025-06-17 23:20:18,783 - INFO - 成功读取 1 行数据
2025-06-17 23:20:18,787 - INFO - 遇到结束标识 '合  计' 在第 13 行，停止读取
2025-06-17 23:20:18,789 - INFO - 文件 2024AFL09国韩本子--阿芙洛开票通知(1).xls: 1 行数据，合计金额: 16665.60
2025-06-17 23:20:18,792 - INFO - 成功读取 2 行数据
2025-06-17 23:20:18,818 - INFO - 文件 2024AFL11国韩本子--阿芙洛开票通知(2).xls: 2 行数据，合计金额: 4147.60
2025-06-17 23:20:18,990 - INFO - 写入合计行到第 5 行: 合计金额 16665.6
2025-06-17 23:20:19,068 - INFO - 写入合计行到第 6 行: 合计金额 4147.6
2025-06-17 23:20:19,142 - INFO - 成功创建输出文件: D:/个人开发/excel/输出\processed_20250617_232018\2024AFL09国韩本子--阿芙洛开票通知(1)_processed_20250617_232018.xlsx
2025-06-17 23:20:19,142 - INFO - 成功处理文件: D:/个人开发/excel/源文件\2024AFL09国韩本子--阿芙洛开票通知(1).xls -> D:/个人开发/excel/输出\processed_20250617_232018\2024AFL09国韩本子--阿芙洛开票通知(1)_processed_20250617_232018.xlsx
2025-06-17 23:20:19,152 - INFO - 成功创建输出文件: D:/个人开发/excel/输出\processed_20250617_232018\2024AFL11国韩本子--阿芙洛开票通知(2)_processed_20250617_232018.xlsx
2025-06-17 23:20:19,189 - INFO - 成功处理文件: D:/个人开发/excel/源文件\2024AFL11国韩本子--阿芙洛开票通知(2).xls -> D:/个人开发/excel/输出\processed_20250617_232018\2024AFL11国韩本子--阿芙洛开票通知(2)_processed_20250617_232018.xlsx
2025-06-17 23:20:19,203 - INFO - 批量处理完成: 成功 2, 失败 0
